<?xml version="1.0" encoding="UTF-8"?>
<testng-results skipped="0" failed="0" ignored="0" total="1" passed="1">
  <reporter-output>
  </reporter-output>
  <suite name="Default suite" duration-ms="12525" started-at="2021-05-08T12:47:21Z" finished-at="2021-05-08T12:47:34Z">
    <groups>
    </groups>
    <test name="Default test" duration-ms="12525" started-at="2021-05-08T12:47:21Z" finished-at="2021-05-08T12:47:34Z">
      <class name="Cowin.Cowin">
        <test-method status="PASS" signature="launchCowin()[pri:0, instance:Cowin.Cowin@6f7fd0e6]" name="launchCowin" is-config="true" duration-ms="6177" started-at="2021-05-08T12:47:21Z" finished-at="2021-05-08T12:47:27Z">
          <reporter-output>
          </reporter-output>
        </test-method> <!-- launchCowin -->
        <test-method status="PASS" signature="signIn()[pri:0, instance:Cowin.Cowin@6f7fd0e6]" name="signIn" duration-ms="6299" started-at="2021-05-08T12:47:27Z" finished-at="2021-05-08T12:47:34Z">
          <reporter-output>
          </reporter-output>
        </test-method> <!-- signIn -->
      </class> <!-- Cowin.Cowin -->
    </test> <!-- Default test -->
  </suite> <!-- Default suite -->
</testng-results>
